<?xml version="1.0" encoding="UTF-8"?>
<!-- Generated by org.testng.reporters.JUnitReportReporter -->
<testsuite hostname="DESKTOP-9902K5V" failures="0" tests="4" name="api.testcases.UserTest2" time="19.552" errors="0" timestamp="2024-02-02T23:37:24 IST" skipped="0">
  <testcase classname="api.testcases.UserTest2" name="testCreateUser" time="6.154"/>
  <system-out/>
  <testcase classname="api.testcases.UserTest2" name="testGetUserData" time="3.233"/>
  <system-out/>
  <testcase classname="api.testcases.UserTest2" name="testUpdateUser" time="7.335"/>
  <system-out/>
  <testcase classname="api.testcases.UserTest2" name="testDeleteUser" time="2.830"/>
  <system-out/>
</testsuite> <!-- api.testcases.UserTest2 -->
