<?xml version="1.0" encoding="UTF-8"?>
<!-- Generated by org.testng.reporters.JUnitReportReporter -->
<testsuite hostname="DESKTOP-9902K5V" failures="0" tests="4" name="api.testcases.UserTestDD" time="8.875" errors="0" timestamp="2024-02-02T01:00:34 IST" skipped="0">
  <testcase classname="api.testcases.UserTestDD" name="testCreateUser" time="3.926"/>
  <system-out/>
  <testcase classname="api.testcases.UserTestDD" name="testCreateUser" time="1.733"/>
  <system-out/>
  <testcase classname="api.testcases.UserTestDD" name="testCreateUser" time="1.660"/>
  <system-out/>
  <testcase classname="api.testcases.UserTestDD" name="testCreateUser" time="1.556"/>
  <system-out/>
</testsuite> <!-- api.testcases.UserTestDD -->
