<?xml version="1.0" encoding="UTF-8"?>
<!-- Generated by org.testng.reporters.JUnitReportReporter -->
<testsuite hostname="DESKTOP-9902K5V" failures="0" tests="4" name="api.testcases.UserTest" time="17.417" errors="0" timestamp="2024-02-02T23:02:46 IST" skipped="0">
  <testcase classname="api.testcases.UserTest" name="testCreateUser" time="5.150"/>
  <system-out/>
  <testcase classname="api.testcases.UserTest" name="testGetUser" time="2.857"/>
  <system-out/>
  <testcase classname="api.testcases.UserTest" name="testUpdateUser" time="5.760"/>
  <system-out/>
  <testcase classname="api.testcases.UserTest" name="testDeleteUser" time="3.650"/>
  <system-out/>
</testsuite> <!-- api.testcases.UserTest -->
