<?xml version="1.0" encoding="UTF-8"?>
<!-- Generated by org.testng.reporters.JUnitReportReporter -->
<testsuite hostname="DESKTOP-9902K5V" failures="0" tests="4" name="api.testcases.UserTest" time="9.731" errors="0" timestamp="2024-02-03T00:47:40 IST" skipped="0">
  <testcase classname="api.testcases.UserTest" name="testCreateUser" time="3.601"/>
  <system-out/>
  <testcase classname="api.testcases.UserTest" name="testGetUser" time="1.301"/>
  <system-out/>
  <testcase classname="api.testcases.UserTest" name="testUpdateUser" time="2.597"/>
  <system-out/>
  <testcase classname="api.testcases.UserTest" name="testDeleteUser" time="2.232"/>
  <system-out/>
</testsuite> <!-- api.testcases.UserTest -->
